This is pdfTeX, Version 3.141592653-2.6-1.40.26 (MiKTeX 24.4) (preloaded format=pdflatex 2024.12.23)  27 JAN 2025 08:34
entering extended mode
 restricted \write18 enabled.
 %&-line parsing enabled.
**q

(/home/vscode/.miktex/texmfs/install/tex/latex/tools/q.tex
LaTeX2e <2024-11-01> patch level 1
L3 programming layer <2024-11-02>
 File ignored
)
! Emergency stop.
<*> q
     
*** (job aborted, no legal \end found)

 
Here is how much of TeX's memory you used:
 16 strings out of 475585
 427 string characters out of 5769679
 384966 words of memory out of 5000000
 22982 multiletter control sequences out of 15000+600000
 558069 words of font info for 36 fonts, out of 8000000 for 9000
 0 hyphenation exceptions out of 8191
 12i,0n,13p,81b,8s stack positions out of 10000i,1000n,20000p,200000b,200000s
!  ==> Fatal error occurred, no output PDF file produced!
